<?xml version="1.0" encoding="UTF-8"?>
<!-- Generated by org.testng.reporters.JUnitReportReporter -->
<testsuite hostname="DESKTOP-U64PQHE" name="org.example.testrunner.runners" tests="19" failures="3" timestamp="22 Sep 2022 11:09:56 GMT" time="225.457" errors="2">
  <testcase name="runScenario" time="11.728" classname="org.example.testrunner.runners"/>
  <testcase name="runScenario" time="12.337" classname="org.example.testrunner.runners"/>
  <testcase name="runScenario" time="11.518" classname="org.example.testrunner.runners">
    <failure type="java.lang.IndexOutOfBoundsException" message="Index: 1, Size: 1">
      <![CDATA[java.lang.IndexOutOfBoundsException: Index: 1, Size: 1
	at java.util.ArrayList.rangeCheck(ArrayList.java:653)
	at java.util.ArrayList.get(ArrayList.java:429)
	at org.example.pages.P03_homePage.validatedUrl(P03_homePage.java:143)
	at org.example.stepDefs.D07_followUsStepDef.is_opened_in_new_tab(D07_followUsStepDef.java:25)
	at ✽.validate "https://demo.nopcommerce.com/new-online-store-is-open" is opened in new tab(file:///C:/Users/ahmed/IdeaProjects/FWD/src/main/resources/features/F07_followUs.feature:19)
]]>
    </failure>
  </testcase> <!-- runScenario -->
  <testcase name="runScenario" time="11.920" classname="org.example.testrunner.runners"/>
  <testcase name="runScenario" time="9.770" classname="org.example.testrunner.runners"/>
  <testcase name="runScenario" time="9.800" classname="org.example.testrunner.runners"/>
  <testcase name="runScenario" time="12.868" classname="org.example.testrunner.runners">
    <error type="java.lang.AssertionError" message="expected [https://demo.nopcommerce.com/iphone-6] but found [https://demo.nopcommerce.com/]">
      <![CDATA[java.lang.AssertionError: expected [https://demo.nopcommerce.com/iphone-6] but found [https://demo.nopcommerce.com/]
	at org.testng.Assert.fail(Assert.java:94)
	at org.testng.Assert.failNotEquals(Assert.java:494)
	at org.testng.Assert.assertEquals(Assert.java:123)
	at org.testng.Assert.assertEquals(Assert.java:176)
	at org.testng.Assert.assertEquals(Assert.java:186)
	at org.example.pages.P03_homePage.userRedirected(P03_homePage.java:133)
	at org.example.stepDefs.D06_homeSlidersStepDef.userRedirectedTo(D06_homeSlidersStepDef.java:19)
	at ✽.user redirected to "https://demo.nopcommerce.com/iphone-6"(file:///C:/Users/ahmed/IdeaProjects/FWD/src/main/resources/features/F06_homeSliders.feature:11)
]]>
    </error>
  </testcase> <!-- runScenario -->
  <testcase name="runScenario" time="19.428" classname="org.example.testrunner.runners">
    <failure type="org.openqa.selenium.NoSuchElementException" message="no such element: Unable to locate element: {&quot;method&quot;:&quot;css selector&quot;,&quot;selector&quot;:&quot;.result&quot;}
  (Session info: chrome=105.0.5195.127)
For documentation on this error, please visit: https://selenium.dev/exceptions/#no_such_element
Build info: version: &#039;4.4.0&#039;, revision: &#039;e5c75ed026a&#039;
System info: host: &#039;DESKTOP-U64PQHE&#039;, ip: &#039;192.168.50.1&#039;, os.name: &#039;Windows 10&#039;, os.arch: &#039;amd64&#039;, os.version: &#039;10.0&#039;, java.version: &#039;1.8.0_60&#039;
Driver info: org.openqa.selenium.chrome.ChromeDriver
Command: [9940e6e4305930586de35e4eb429ece2, findElement {using=class name, value=result}]
Capabilities {acceptInsecureCerts: false, browserName: chrome, browserVersion: 105.0.5195.127, chrome: {chromedriverVersion: 105.0.5195.52 (412c95e51883..., userDataDir: C:\Users\ahmed\AppData\Loca...}, goog:chromeOptions: {debuggerAddress: localhost:55670}, networkConnectionEnabled: false, pageLoadStrategy: normal, platformName: WINDOWS, proxy: Proxy(), se:cdp: ws://localhost:55670/devtoo..., se:cdpVersion: 105.0.5195.127, setWindowRect: true, strictFileInteractability: false, timeouts: {implicit: 0, pageLoad: 300000, script: 30000}, unhandledPromptBehavior: dismiss and notify, webauthn:extension:credBlob: true, webauthn:extension:largeBlob: true, webauthn:virtualAuthenticators: true}
Session ID: 9940e6e4305930586de35e4eb429ece2">
      <![CDATA[org.openqa.selenium.NoSuchElementException: no such element: Unable to locate element: {"method":"css selector","selector":".result"}
  (Session info: chrome=105.0.5195.127)
For documentation on this error, please visit: https://selenium.dev/exceptions/#no_such_element
Build info: version: '4.4.0', revision: 'e5c75ed026a'
System info: host: 'DESKTOP-U64PQHE', ip: '192.168.50.1', os.name: 'Windows 10', os.arch: 'amd64', os.version: '10.0', java.version: '1.8.0_60'
Driver info: org.openqa.selenium.chrome.ChromeDriver
Command: [9940e6e4305930586de35e4eb429ece2, findElement {using=class name, value=result}]
Capabilities {acceptInsecureCerts: false, browserName: chrome, browserVersion: 105.0.5195.127, chrome: {chromedriverVersion: 105.0.5195.52 (412c95e51883..., userDataDir: C:\Users\ahmed\AppData\Loca...}, goog:chromeOptions: {debuggerAddress: localhost:55670}, networkConnectionEnabled: false, pageLoadStrategy: normal, platformName: WINDOWS, proxy: Proxy(), se:cdp: ws://localhost:55670/devtoo..., se:cdpVersion: 105.0.5195.127, setWindowRect: true, strictFileInteractability: false, timeouts: {implicit: 0, pageLoad: 300000, script: 30000}, unhandledPromptBehavior: dismiss and notify, webauthn:extension:credBlob: true, webauthn:extension:largeBlob: true, webauthn:virtualAuthenticators: true}
Session ID: 9940e6e4305930586de35e4eb429ece2
	at sun.reflect.NativeConstructorAccessorImpl.newInstance0(Native Method)
	at sun.reflect.NativeConstructorAccessorImpl.newInstance(NativeConstructorAccessorImpl.java:62)
	at sun.reflect.DelegatingConstructorAccessorImpl.newInstance(DelegatingConstructorAccessorImpl.java:45)
	at java.lang.reflect.Constructor.newInstance(Constructor.java:422)
	at org.openqa.selenium.remote.codec.w3c.W3CHttpResponseCodec.createException(W3CHttpResponseCodec.java:200)
	at org.openqa.selenium.remote.codec.w3c.W3CHttpResponseCodec.decode(W3CHttpResponseCodec.java:133)
	at org.openqa.selenium.remote.codec.w3c.W3CHttpResponseCodec.decode(W3CHttpResponseCodec.java:53)
	at org.openqa.selenium.remote.HttpCommandExecutor.execute(HttpCommandExecutor.java:184)
	at org.openqa.selenium.remote.service.DriverCommandExecutor.invokeExecute(DriverCommandExecutor.java:167)
	at org.openqa.selenium.remote.service.DriverCommandExecutor.execute(DriverCommandExecutor.java:142)
	at org.openqa.selenium.remote.RemoteWebDriver.execute(RemoteWebDriver.java:547)
	at org.openqa.selenium.remote.ElementLocation$ElementFinder$2.findElement(ElementLocation.java:162)
	at org.openqa.selenium.remote.ElementLocation.findElement(ElementLocation.java:60)
	at org.openqa.selenium.remote.RemoteWebDriver.findElement(RemoteWebDriver.java:365)
	at org.openqa.selenium.remote.RemoteWebDriver.findElement(RemoteWebDriver.java:357)
	at org.example.stepDefs.D01_registerStepDef.success_register(D01_registerStepDef.java:56)
	at ✽.success message is displayed with green background(file:///C:/Users/ahmed/IdeaProjects/FWD/src/main/resources/features/F01_Register.feature:15)
]]>
    </failure>
  </testcase> <!-- runScenario -->
  <testcase name="runScenario" time="12.398" classname="org.example.testrunner.runners"/>
  <testcase name="runScenario" time="10.925" classname="org.example.testrunner.runners"/>
  <testcase name="runScenario" time="11.722" classname="org.example.testrunner.runners"/>
  <testcase name="runScenario" time="9.257" classname="org.example.testrunner.runners"/>
  <testcase name="runScenario" time="12.032" classname="org.example.testrunner.runners"/>
  <testcase name="runScenario" time="16.159" classname="org.example.testrunner.runners"/>
  <testcase name="runScenario" time="10.810" classname="org.example.testrunner.runners"/>
  <testcase name="runScenario" time="11.184" classname="org.example.testrunner.runners"/>
  <testcase name="runScenario" time="11.693" classname="org.example.testrunner.runners">
    <failure type="org.openqa.selenium.ElementNotInteractableException" message="element not interactable
  (Session info: chrome=105.0.5195.127)
Build info: version: &#039;4.4.0&#039;, revision: &#039;e5c75ed026a&#039;
System info: host: &#039;DESKTOP-U64PQHE&#039;, ip: &#039;192.168.50.1&#039;, os.name: &#039;Windows 10&#039;, os.arch: &#039;amd64&#039;, os.version: &#039;10.0&#039;, java.version: &#039;1.8.0_60&#039;
Driver info: org.openqa.selenium.chrome.ChromeDriver
Command: [935ddcc9dca66f3a06de3db436f5d981, clickElement {id=3db458ce-eb7f-41af-847b-5c9caf26350a}]
Capabilities {acceptInsecureCerts: false, browserName: chrome, browserVersion: 105.0.5195.127, chrome: {chromedriverVersion: 105.0.5195.52 (412c95e51883..., userDataDir: C:\Users\ahmed\AppData\Loca...}, goog:chromeOptions: {debuggerAddress: localhost:55867}, networkConnectionEnabled: false, pageLoadStrategy: normal, platformName: WINDOWS, proxy: Proxy(), se:cdp: ws://localhost:55867/devtoo..., se:cdpVersion: 105.0.5195.127, setWindowRect: true, strictFileInteractability: false, timeouts: {implicit: 0, pageLoad: 300000, script: 30000}, unhandledPromptBehavior: dismiss and notify, webauthn:extension:credBlob: true, webauthn:extension:largeBlob: true, webauthn:virtualAuthenticators: true}
Element: [[ChromeDriver: chrome on WINDOWS (935ddcc9dca66f3a06de3db436f5d981)] -&gt; xpath: //ul[@class=&#039;top-menu notmobile&#039;]//li[1]//li]
Session ID: 935ddcc9dca66f3a06de3db436f5d981">
      <![CDATA[org.openqa.selenium.ElementNotInteractableException: element not interactable
  (Session info: chrome=105.0.5195.127)
Build info: version: '4.4.0', revision: 'e5c75ed026a'
System info: host: 'DESKTOP-U64PQHE', ip: '192.168.50.1', os.name: 'Windows 10', os.arch: 'amd64', os.version: '10.0', java.version: '1.8.0_60'
Driver info: org.openqa.selenium.chrome.ChromeDriver
Command: [935ddcc9dca66f3a06de3db436f5d981, clickElement {id=3db458ce-eb7f-41af-847b-5c9caf26350a}]
Capabilities {acceptInsecureCerts: false, browserName: chrome, browserVersion: 105.0.5195.127, chrome: {chromedriverVersion: 105.0.5195.52 (412c95e51883..., userDataDir: C:\Users\ahmed\AppData\Loca...}, goog:chromeOptions: {debuggerAddress: localhost:55867}, networkConnectionEnabled: false, pageLoadStrategy: normal, platformName: WINDOWS, proxy: Proxy(), se:cdp: ws://localhost:55867/devtoo..., se:cdpVersion: 105.0.5195.127, setWindowRect: true, strictFileInteractability: false, timeouts: {implicit: 0, pageLoad: 300000, script: 30000}, unhandledPromptBehavior: dismiss and notify, webauthn:extension:credBlob: true, webauthn:extension:largeBlob: true, webauthn:virtualAuthenticators: true}
Element: [[ChromeDriver: chrome on WINDOWS (935ddcc9dca66f3a06de3db436f5d981)] -> xpath: //ul[@class='top-menu notmobile']//li[1]//li]
Session ID: 935ddcc9dca66f3a06de3db436f5d981
	at sun.reflect.NativeConstructorAccessorImpl.newInstance0(Native Method)
	at sun.reflect.NativeConstructorAccessorImpl.newInstance(NativeConstructorAccessorImpl.java:62)
	at sun.reflect.DelegatingConstructorAccessorImpl.newInstance(DelegatingConstructorAccessorImpl.java:45)
	at java.lang.reflect.Constructor.newInstance(Constructor.java:422)
	at org.openqa.selenium.remote.codec.w3c.W3CHttpResponseCodec.createException(W3CHttpResponseCodec.java:200)
	at org.openqa.selenium.remote.codec.w3c.W3CHttpResponseCodec.decode(W3CHttpResponseCodec.java:133)
	at org.openqa.selenium.remote.codec.w3c.W3CHttpResponseCodec.decode(W3CHttpResponseCodec.java:53)
	at org.openqa.selenium.remote.HttpCommandExecutor.execute(HttpCommandExecutor.java:184)
	at org.openqa.selenium.remote.service.DriverCommandExecutor.invokeExecute(DriverCommandExecutor.java:167)
	at org.openqa.selenium.remote.service.DriverCommandExecutor.execute(DriverCommandExecutor.java:142)
	at org.openqa.selenium.remote.RemoteWebDriver.execute(RemoteWebDriver.java:547)
	at org.openqa.selenium.remote.RemoteWebElement.execute(RemoteWebElement.java:257)
	at org.openqa.selenium.remote.RemoteWebElement.click(RemoteWebElement.java:78)
	at org.example.pages.P03_homePage.selectsubcat(P03_homePage.java:111)
	at org.example.stepDefs.D05_hoverCategoriesStepDef.selectOneOfItSOwnSubCategory(D05_hoverCategoriesStepDef.java:20)
	at ✽.select one of it's own subCategory and click on it(file:///C:/Users/ahmed/IdeaProjects/FWD/src/main/resources/features/F05_hoverCategories.feature:6)
]]>
    </failure>
  </testcase> <!-- runScenario -->
  <testcase name="runScenario" time="9.574" classname="org.example.testrunner.runners">
    <error type="java.lang.AssertionError" message="expected [https://demo.nopcommerce.com/nokia-lumia-1020] but found [https://demo.nopcommerce.com/]">
      <![CDATA[java.lang.AssertionError: expected [https://demo.nopcommerce.com/nokia-lumia-1020] but found [https://demo.nopcommerce.com/]
	at org.testng.Assert.fail(Assert.java:94)
	at org.testng.Assert.failNotEquals(Assert.java:494)
	at org.testng.Assert.assertEquals(Assert.java:123)
	at org.testng.Assert.assertEquals(Assert.java:176)
	at org.testng.Assert.assertEquals(Assert.java:186)
	at org.example.pages.P03_homePage.userRedirected(P03_homePage.java:133)
	at org.example.stepDefs.D06_homeSlidersStepDef.userRedirectedTo(D06_homeSlidersStepDef.java:19)
	at ✽.user redirected to "https://demo.nopcommerce.com/nokia-lumia-1020"(file:///C:/Users/ahmed/IdeaProjects/FWD/src/main/resources/features/F06_homeSliders.feature:6)
]]>
    </error>
  </testcase> <!-- runScenario -->
  <testcase name="runScenario" time="10.334" classname="org.example.testrunner.runners"/>
</testsuite> <!-- org.example.testrunner.runners -->
